<?xml version="1.0" encoding="UTF-8"?>
<robot generator="Robot 4.1.3 (Python 3.8.10 on linux)" generated="20220225 04:39:22.438" rpa="false" schemaversion="2">
<suite id="s1" name="Processtest" source="/root/processtest.robot">
<test id="s1-t1" name="Test1">
<kw name="Run Process" library="Process">
<arg>python3</arg>
<arg>-c</arg>
<arg>print('Hello, world!')</arg>
<doc>Runs a process and waits for it to complete.</doc>
<msg timestamp="20220225 04:39:22.471" level="INFO">Starting process:
python3 -c "print('Hello, world!')"</msg>
<msg timestamp="20220225 04:39:22.474" level="INFO">Waiting for process to complete.</msg>
<msg timestamp="20220225 04:39:22.496" level="INFO">Process completed.</msg>
<status status="PASS" starttime="20220225 04:39:22.470" endtime="20220225 04:39:22.496"/>
</kw>
<status status="PASS" starttime="20220225 04:39:22.470" endtime="20220225 04:39:22.497"/>
</test>
<test id="s1-t2" name="Test2">
<kw name="Run Process" library="Process">
<var>${result}</var>
<arg>ansible</arg>
<arg>--version</arg>
<doc>Runs a process and waits for it to complete.</doc>
<msg timestamp="20220225 04:39:22.499" level="INFO">Starting process:
ansible --version</msg>
<msg timestamp="20220225 04:39:22.502" level="INFO">Waiting for process to complete.</msg>
<msg timestamp="20220225 04:39:22.940" level="INFO">Process completed.</msg>
<msg timestamp="20220225 04:39:22.940" level="INFO">${result} = &lt;result object with rc 0&gt;</msg>
<status status="PASS" starttime="20220225 04:39:22.499" endtime="20220225 04:39:22.940"/>
</kw>
<kw name="Should Be Equal" library="BuiltIn">
<arg>${result.rc}</arg>
<arg>${0}</arg>
<doc>Fails if the given objects are unequal.</doc>
<status status="PASS" starttime="20220225 04:39:22.941" endtime="20220225 04:39:22.943"/>
</kw>
<kw name="Log" library="BuiltIn">
<arg>stdout: ${result.stdout}</arg>
<doc>Logs the given message with the given level.</doc>
<msg timestamp="20220225 04:39:22.944" level="INFO">stdout: ansible [core 2.12.2]
  config file = /root/ansible.cfg
  configured module search path = ['/root/.ansible/plugins/modules', '/usr/share/ansible/plugins/modules']
  ansible python module location = /usr/lib/python3/dist-packages/ansible
  ansible collection location = /root/.ansible/collections:/usr/share/ansible/collections
  executable location = /usr/bin/ansible
  python version = 3.8.10 (default, Nov 26 2021, 20:14:08) [GCC 9.3.0]
  jinja version = 2.11.3
  libyaml = True</msg>
<status status="PASS" starttime="20220225 04:39:22.943" endtime="20220225 04:39:22.944"/>
</kw>
<status status="PASS" starttime="20220225 04:39:22.498" endtime="20220225 04:39:22.944"/>
</test>
<test id="s1-t3" name="Test3">
<kw name="Run Process" library="Process">
<var>${result}</var>
<arg>ansible-playbook</arg>
<arg>getarp.yml</arg>
<doc>Runs a process and waits for it to complete.</doc>
<msg timestamp="20220225 04:39:22.946" level="INFO">Starting process:
ansible-playbook getarp.yml</msg>
<msg timestamp="20220225 04:39:22.948" level="INFO">Waiting for process to complete.</msg>
<msg timestamp="20220225 04:39:23.600" level="INFO">Process completed.</msg>
<msg timestamp="20220225 04:39:23.600" level="INFO">${result} = &lt;result object with rc 4&gt;</msg>
<status status="PASS" starttime="20220225 04:39:22.945" endtime="20220225 04:39:23.600"/>
</kw>
<kw name="Should Be Equal" library="BuiltIn">
<arg>${result.rc}</arg>
<arg>${0}</arg>
<doc>Fails if the given objects are unequal.</doc>
<msg timestamp="20220225 04:39:23.604" level="FAIL">4 != 0</msg>
<status status="FAIL" starttime="20220225 04:39:23.600" endtime="20220225 04:39:23.604"/>
</kw>
<kw name="Log" library="BuiltIn">
<arg>stdout: ${result.stdout}</arg>
<doc>Logs the given message with the given level.</doc>
<status status="NOT RUN" starttime="20220225 04:39:23.604" endtime="20220225 04:39:23.604"/>
</kw>
<status status="FAIL" starttime="20220225 04:39:22.945" endtime="20220225 04:39:23.605">4 != 0</status>
</test>
<test id="s1-t4" name="Test4">
<kw name="Run Process" library="Process">
<var>${result}</var>
<arg>python3</arg>
<arg>git_push.py</arg>
<doc>Runs a process and waits for it to complete.</doc>
<msg timestamp="20220225 04:39:23.606" level="INFO">Starting process:
python3 git_push.py</msg>
<msg timestamp="20220225 04:39:23.609" level="INFO">Waiting for process to complete.</msg>
<msg timestamp="20220225 04:39:23.632" level="INFO">Process completed.</msg>
<msg timestamp="20220225 04:39:23.633" level="INFO">${result} = &lt;result object with rc 2&gt;</msg>
<status status="PASS" starttime="20220225 04:39:23.606" endtime="20220225 04:39:23.633"/>
</kw>
<kw name="Should Be Equal" library="BuiltIn">
<arg>${result.rc}</arg>
<arg>${0}</arg>
<doc>Fails if the given objects are unequal.</doc>
<msg timestamp="20220225 04:39:23.635" level="FAIL">2 != 0</msg>
<status status="FAIL" starttime="20220225 04:39:23.633" endtime="20220225 04:39:23.635"/>
</kw>
<kw name="Log" library="BuiltIn">
<arg>stdout: ${result.stdout}</arg>
<doc>Logs the given message with the given level.</doc>
<status status="NOT RUN" starttime="20220225 04:39:23.636" endtime="20220225 04:39:23.636"/>
</kw>
<status status="FAIL" starttime="20220225 04:39:23.605" endtime="20220225 04:39:23.636">2 != 0</status>
</test>
<status status="FAIL" starttime="20220225 04:39:22.439" endtime="20220225 04:39:23.637"/>
</suite>
<statistics>
<total>
<stat pass="2" fail="2" skip="0">All Tests</stat>
</total>
<tag>
</tag>
<suite>
<stat pass="2" fail="2" skip="0" id="s1" name="Processtest">Processtest</stat>
</suite>
</statistics>
<errors>
</errors>
</robot>
